<?xml version="1.0" encoding="UTF-8" ?>
<testsuite tests="26" failures="0" name="ch.heigvd.users.api.spec.SpecificationTest" time="0.006" errors="0" skipped="0">
  <properties>
    <property name="java.runtime.name" value="Java(TM) SE Runtime Environment"/>
    <property name="sun.boot.library.path" value="C:\Program Files\Java\jdk1.8.0_201\jre\bin"/>
    <property name="java.vm.version" value="25.201-b09"/>
    <property name="java.vm.vendor" value="Oracle Corporation"/>
    <property name="maven.multiModuleProjectDirectory" value="C:\Users\Baptiste\Documents\heig\semestre_5\amt\Teaching-HEIGVD-AMT-2019-Project-Two\auth-specs"/>
    <property name="java.vendor.url" value="http://java.oracle.com/"/>
    <property name="path.separator" value=";"/>
    <property name="guice.disable.misplaced.annotation.check" value="true"/>
    <property name="java.vm.name" value="Java HotSpot(TM) 64-Bit Server VM"/>
    <property name="file.encoding.pkg" value="sun.io"/>
    <property name="user.script" value=""/>
    <property name="user.country" value="CH"/>
    <property name="sun.java.launcher" value="SUN_STANDARD"/>
    <property name="sun.os.patch.level" value=""/>
    <property name="java.vm.specification.name" value="Java Virtual Machine Specification"/>
    <property name="user.dir" value="C:\Users\Baptiste\Documents\heig\semestre_5\amt\Teaching-HEIGVD-AMT-2019-Project-Two\auth-specs"/>
    <property name="java.runtime.version" value="1.8.0_201-b09"/>
    <property name="java.awt.graphicsenv" value="sun.awt.Win32GraphicsEnvironment"/>
    <property name="java.endorsed.dirs" value="C:\Program Files\Java\jdk1.8.0_201\jre\lib\endorsed"/>
    <property name="os.arch" value="amd64"/>
    <property name="java.io.tmpdir" value="C:\Users\Baptiste\AppData\Local\Temp\"/>
    <property name="line.separator" value="
"/>
    <property name="java.vm.specification.vendor" value="Oracle Corporation"/>
    <property name="user.variant" value=""/>
    <property name="os.name" value="Windows 10"/>
    <property name="classworlds.conf" value="C:\Program Files\JetBrains\IntelliJ IDEA 2018.3.4\plugins\maven\lib\maven3\bin\m2.conf"/>
    <property name="sun.jnu.encoding" value="Cp1252"/>
    <property name="java.library.path" value="C:\Program Files\Java\jdk1.8.0_201\bin;C:\Windows\Sun\Java\bin;C:\Windows\system32;C:\Windows;C:\Program Files (x86)\Common Files\Oracle\Java\javapath;C:\Windows\system32;C:\Windows;C:\Windows\System32\Wbem;C:\Windows\System32\WindowsPowerShell\v1.0\;C:\Windows\System32\OpenSSH\;C:\Users\Baptiste\Documents\apache-maven-3.6.0\bin;C:\HashiCorp\Vagrant\bin;C:\MinGW\bin;C:\Program Files\NVIDIA Corporation\NVIDIA NvDLISR;C:\Program Files (x86)\NVIDIA Corporation\PhysX\Common;C:\Program Files\nodejs\;C:\Users\Baptiste\AppData\Local\Microsoft\WindowsApps;C:\Users\Baptiste\AppData\Local\Pandoc\;C:\Users\Baptiste\AppData\Local\Programs\MiKTeX 2.9\miktex\bin\x64\;C:\Users\Baptiste\AppData\Local\MiKTeX\2.9\miktex\data\le\pdftex;C:\Program Files\Docker Toolbox;C:\Program Files\Java\jdk1.8.0_201\bin;C:\Users\Baptiste\AppData\Roaming\npm;C:\Program Files\JetBrains\CLion 2019.1.3\bin;C:\Users\Baptiste\AppData\Local\Programs\Microsoft VS Code\bin;C:\sqlite;C:\Users\Baptiste\AppData\Local\GitHubDesktop\bin;."/>
    <property name="java.specification.name" value="Java Platform API Specification"/>
    <property name="java.class.version" value="52.0"/>
    <property name="sun.management.compiler" value="HotSpot 64-Bit Tiered Compilers"/>
    <property name="os.version" value="10.0"/>
    <property name="user.home" value="C:\Users\Baptiste"/>
    <property name="user.timezone" value="Europe/Berlin"/>
    <property name="java.awt.printerjob" value="sun.awt.windows.WPrinterJob"/>
    <property name="java.specification.version" value="1.8"/>
    <property name="file.encoding" value="UTF-8"/>
    <property name="user.name" value="Baptiste"/>
    <property name="java.class.path" value="C:\Program Files\JetBrains\IntelliJ IDEA 2018.3.4\plugins\maven\lib\maven3\boot\plexus-classworlds-2.5.2.jar;C:\Program Files\JetBrains\IntelliJ IDEA 2018.3.4\lib\idea_rt.jar"/>
    <property name="java.vm.specification.version" value="1.8"/>
    <property name="sun.arch.data.model" value="64"/>
    <property name="java.home" value="C:\Program Files\Java\jdk1.8.0_201\jre"/>
    <property name="sun.java.command" value="org.codehaus.classworlds.Launcher -Didea.version2019.1.1 clean install"/>
    <property name="java.specification.vendor" value="Oracle Corporation"/>
    <property name="user.language" value="fr"/>
    <property name="awt.toolkit" value="sun.awt.windows.WToolkit"/>
    <property name="java.vm.info" value="mixed mode"/>
    <property name="idea.version2019.1.1" value="true"/>
    <property name="java.version" value="1.8.0_201"/>
    <property name="java.ext.dirs" value="C:\Program Files\Java\jdk1.8.0_201\jre\lib\ext;C:\Windows\Sun\Java\lib\ext"/>
    <property name="sun.boot.class.path" value="C:\Program Files\Java\jdk1.8.0_201\jre\lib\resources.jar;C:\Program Files\Java\jdk1.8.0_201\jre\lib\rt.jar;C:\Program Files\Java\jdk1.8.0_201\jre\lib\sunrsasign.jar;C:\Program Files\Java\jdk1.8.0_201\jre\lib\jsse.jar;C:\Program Files\Java\jdk1.8.0_201\jre\lib\jce.jar;C:\Program Files\Java\jdk1.8.0_201\jre\lib\charsets.jar;C:\Program Files\Java\jdk1.8.0_201\jre\lib\jfr.jar;C:\Program Files\Java\jdk1.8.0_201\jre\classes"/>
    <property name="java.vendor" value="Oracle Corporation"/>
    <property name="maven.home" value="C:\Program Files\JetBrains\IntelliJ IDEA 2018.3.4\plugins\maven\lib\maven3"/>
    <property name="file.separator" value="\"/>
    <property name="java.vendor.url.bug" value="http://bugreport.sun.com/bugreport/"/>
    <property name="sun.cpu.endian" value="little"/>
    <property name="sun.io.unicode.encoding" value="UnicodeLittle"/>
    <property name="sun.desktop" value="windows"/>
    <property name="sun.cpu.isalist" value="amd64"/>
  </properties>
  <testcase classname="Scenario: create a new user" name="Given there is a Users server" time="0.003"/>
  <testcase classname="Scenario: create a new user" name="Given I have a user payload" time="0"/>
  <testcase classname="Scenario: create a new user" name="When I POST it to the /users endpoint" time="0"/>
  <testcase classname="Scenario: create a new user" name="Then I receive a 201 status code" time="0"/>
  <testcase classname="Scenario: create a new user" name="Scenario: create a new user" time="0"/>
  <testcase classname="Scenario: create an already existing user" name="Given there is a Users server" time="0"/>
  <testcase classname="Scenario: create an already existing user" name="Given I have an already existing user payload" time="0"/>
  <testcase classname="Scenario: create an already existing user" name="When I POST it to the /users endpoint" time="0"/>
  <testcase classname="Scenario: create an already existing user" name="Then I receive a 403 status code" time="0"/>
  <testcase classname="Scenario: create an already existing user" name="Scenario: create an already existing user" time="0.002"/>
  <testcase classname="Scenario: create a user without admin rights" name="Given there is a Users server" time="0"/>
  <testcase classname="Scenario: create a user without admin rights" name="Given I have a user payload" time="0"/>
  <testcase classname="Scenario: create a user without admin rights" name="When I POST it to the /users endpoint whithout admin rights" time="0"/>
  <testcase classname="Scenario: create a user without admin rights" name="Then I receive a 401 status code" time="0"/>
  <testcase classname="Scenario: create a user without admin rights" name="Scenario: create a user without admin rights" time="0"/>
  <testcase classname="Scenario: login with good credentials" name="Given there is a Users server" time="0.001"/>
  <testcase classname="Scenario: login with good credentials" name="Given I have user credentials payload" time="0"/>
  <testcase classname="Scenario: login with good credentials" name="When I POST it to the /login endpoint" time="0"/>
  <testcase classname="Scenario: login with good credentials" name="Then I receive a 201 status code" time="0"/>
  <testcase classname="Scenario: login with good credentials" name="Then I receive a jwttoken" time="0"/>
  <testcase classname="Scenario: login with good credentials" name="Scenario: login with good credentials" time="0"/>
  <testcase classname="Scenario: " name="Given there is a Users server" time="0"/>
  <testcase classname="Scenario: " name="Given I have a user jwttoken corresponding to email payload" time="0"/>
  <testcase classname="Scenario: " name="When I POST it to the /users/test@test.com endpoint" time="0"/>
  <testcase classname="Scenario: " name="Then I receive a 201 status code" time="0"/>
  <testcase classname="Scenario: " name="Scenario: " time="0"/>
</testsuite>